my_soc/build/app/intermediates/manifest_merge_blame_file/debug/manifest-merger-blame-debug-report.txt
1<?xml version="1.0" encoding="utf-8"?>
2<manifest xmlns:android="http://schemas.android.com/apk/res/android"
3    package="com.example.my_soc"
4    android:versionCode="1"
5    android:versionName="1.0.0" >
6
7    <uses-sdk
8        android:minSdkVersion="23"
9        android:targetSdkVersion="35" />
10    <!--
11         The INTERNET permission is required for development. Specifically,
12         the Flutter tool needs it to communicate with the running application
13         to allow setting breakpoints, to provide hot reload, etc.
14    -->
15    <uses-permission android:name="android.permission.INTERNET" />
15-->src\main\AndroidManifest.xml:2:5-66
15-->src\main\AndroidManifest.xml:2:22-64
16    <uses-permission android:name="android.permission.ACCESS_NETWORK_STATE" />
16-->src\main\AndroidManifest.xml:3:5-78
16-->src\main\AndroidManifest.xml:3:22-76
17    <uses-permission android:name="android.permission.VIBRATE" />
17-->src\main\AndroidManifest.xml:4:5-66
17-->src\main\AndroidManifest.xml:4:22-63
18    <uses-permission android:name="android.permission.ACCESS_NETWORK_STATE" />
18-->src\main\AndroidManifest.xml:3:5-78
18-->src\main\AndroidManifest.xml:3:22-76
19    <uses-permission android:name="android.permission.ACCESS_FINE_LOCATION" />
19-->src\main\AndroidManifest.xml:6:5-79
19-->src\main\AndroidManifest.xml:6:22-76
20    <uses-permission android:name="android.permission.ACCESS_COARSE_LOCATION" />
20-->src\main\AndroidManifest.xml:7:5-81
20-->src\main\AndroidManifest.xml:7:22-78
21    <uses-permission android:name="android.permission.WRITE_EXTERNAL_STORAGE" />
21-->src\main\AndroidManifest.xml:8:5-80
21-->src\main\AndroidManifest.xml:8:22-78
22    <uses-permission android:name="android.permission.READ_EXTERNAL_STORAGE" />
22-->src\main\AndroidManifest.xml:9:5-79
22-->src\main\AndroidManifest.xml:9:22-77
23    <!--
24 Required to query activities that can process text, see:
25         https://developer.android.com/training/package-visibility and
26         https://developer.android.com/reference/android/content/Intent#ACTION_PROCESS_TEXT.
27
28         In particular, this is used by the Flutter engine in io.flutter.plugin.text.ProcessTextPlugin.
29    -->
30    <queries>
30-->src\main\AndroidManifest.xml:53:5-58:15
31        <intent>
31-->src\main\AndroidManifest.xml:54:9-57:18
32            <action android:name="android.intent.action.PROCESS_TEXT" />
32-->src\main\AndroidManifest.xml:55:13-72
32-->src\main\AndroidManifest.xml:55:21-70
33
34            <data android:mimeType="text/plain" />
34-->src\main\AndroidManifest.xml:56:13-50
34-->src\main\AndroidManifest.xml:56:19-48
35        </intent>
36        <intent>
36-->[:file_picker] AndroidManifest.xml:8:9-12:18
37            <action android:name="android.intent.action.GET_CONTENT" />
37-->[:file_picker] AndroidManifest.xml:9:13-72
37-->[:file_picker] AndroidManifest.xml:9:21-69
38
39            <data android:mimeType="*/*" />
39-->src\main\AndroidManifest.xml:56:13-50
39-->src\main\AndroidManifest.xml:56:19-48
40        </intent> <!-- Needs to be explicitly declared on Android R+ -->
41        <package android:name="com.google.android.apps.maps" />
41-->[com.google.android.gms:play-services-maps:18.2.0] AndroidManifest.xml:33:9-64
41-->[com.google.android.gms:play-services-maps:18.2.0] AndroidManifest.xml:33:18-61
42    </queries>
43
44    <uses-permission android:name="android.permission.WAKE_LOCK" /> <!-- Permissions options for the `notification` group -->
44-->[:firebase_messaging] AndroidManifest.xml:8:5-68
44-->[:firebase_messaging] AndroidManifest.xml:8:22-65
45    <uses-permission android:name="android.permission.POST_NOTIFICATIONS" />
45-->[:firebase_messaging] AndroidManifest.xml:11:5-77
45-->[:firebase_messaging] AndroidManifest.xml:11:22-74
46
47    <uses-feature
47-->[com.google.android.gms:play-services-maps:18.2.0] AndroidManifest.xml:26:5-28:35
48        android:glEsVersion="0x00020000"
48-->[com.google.android.gms:play-services-maps:18.2.0] AndroidManifest.xml:27:9-41
49        android:required="true" /> <!-- Required by older versions of Google Play services to create IID tokens -->
49-->[com.google.android.gms:play-services-maps:18.2.0] AndroidManifest.xml:28:9-32
50    <uses-permission android:name="com.google.android.c2dm.permission.RECEIVE" />
50-->[com.google.firebase:firebase-messaging:24.1.0] AndroidManifest.xml:26:5-82
50-->[com.google.firebase:firebase-messaging:24.1.0] AndroidManifest.xml:26:22-79
51    <uses-permission android:name="com.google.android.providers.gsf.permission.READ_GSERVICES" />
51-->[com.google.android.recaptcha:recaptcha:18.5.1] AndroidManifest.xml:9:5-98
51-->[com.google.android.recaptcha:recaptcha:18.5.1] AndroidManifest.xml:9:22-95
52
53    <permission
53-->[androidx.core:core:1.13.1] AndroidManifest.xml:22:5-24:47
54        android:name="com.example.my_soc.DYNAMIC_RECEIVER_NOT_EXPORTED_PERMISSION"
54-->[androidx.core:core:1.13.1] AndroidManifest.xml:23:9-81
55        android:protectionLevel="signature" />
55-->[androidx.core:core:1.13.1] AndroidManifest.xml:24:9-44
56
57    <uses-permission android:name="com.example.my_soc.DYNAMIC_RECEIVER_NOT_EXPORTED_PERMISSION" />
57-->[androidx.core:core:1.13.1] AndroidManifest.xml:26:5-97
57-->[androidx.core:core:1.13.1] AndroidManifest.xml:26:22-94
58
59    <application
59-->src\main\AndroidManifest.xml:11:5-47:19
60        android:name="android.app.Application"
60-->src\main\AndroidManifest.xml:14:9-47
61        android:appComponentFactory="androidx.core.app.CoreComponentFactory"
61-->[androidx.core:core:1.13.1] AndroidManifest.xml:28:18-86
62        android:debuggable="true"
63        android:extractNativeLibs="false"
64        android:icon="@mipmap/ic_launcher"
64-->src\main\AndroidManifest.xml:15:9-43
65        android:label="my_soc"
65-->src\main\AndroidManifest.xml:13:9-31
66        android:usesCleartextTraffic="true" >
66-->src\main\AndroidManifest.xml:12:9-44
67        <activity
67-->src\main\AndroidManifest.xml:16:9-38:20
68            android:name="com.example.my_soc.MainActivity"
68-->src\main\AndroidManifest.xml:17:13-41
69            android:configChanges="orientation|keyboardHidden|keyboard|screenSize|smallestScreenSize|locale|layoutDirection|fontScale|screenLayout|density|uiMode"
69-->src\main\AndroidManifest.xml:22:13-163
70            android:enableOnBackInvokedCallback="true"
70-->src\main\AndroidManifest.xml:25:13-55
71            android:exported="true"
71-->src\main\AndroidManifest.xml:18:13-36
72            android:hardwareAccelerated="true"
72-->src\main\AndroidManifest.xml:23:13-47
73            android:launchMode="singleTop"
73-->src\main\AndroidManifest.xml:19:13-43
74            android:taskAffinity=""
74-->src\main\AndroidManifest.xml:20:13-36
75            android:theme="@style/LaunchTheme"
75-->src\main\AndroidManifest.xml:21:13-47
76            android:windowSoftInputMode="adjustResize" >
76-->src\main\AndroidManifest.xml:24:13-55
77
78            <!--
79                 Specifies an Android theme to apply to this Activity as soon as
80                 the Android process has started. This theme is visible to the user
81                 while the Flutter UI initializes. After that, this theme continues
82                 to determine the Window background behind the Flutter UI.
83            -->
84            <meta-data
84-->src\main\AndroidManifest.xml:30:13-33:17
85                android:name="io.flutter.embedding.android.NormalTheme"
85-->src\main\AndroidManifest.xml:31:15-70
86                android:resource="@style/NormalTheme" />
86-->src\main\AndroidManifest.xml:32:15-52
87
88            <intent-filter>
88-->src\main\AndroidManifest.xml:34:13-37:29
89                <action android:name="android.intent.action.MAIN" />
89-->src\main\AndroidManifest.xml:35:17-68
89-->src\main\AndroidManifest.xml:35:25-66
90
91                <category android:name="android.intent.category.LAUNCHER" />
91-->src\main\AndroidManifest.xml:36:17-76
91-->src\main\AndroidManifest.xml:36:27-74
92            </intent-filter>
93        </activity>
94        <!--
95             Don't delete the meta-data below.
96             This is used by the Flutter tool to generate GeneratedPluginRegistrant.java
97        -->
98        <meta-data
98-->src\main\AndroidManifest.xml:41:9-43:33
99            android:name="flutterEmbedding"
99-->src\main\AndroidManifest.xml:42:13-44
100            android:value="2" />
100-->src\main\AndroidManifest.xml:43:13-30
101        <meta-data
101-->src\main\AndroidManifest.xml:44:9-46:71
102            android:name="com.google.android.geo.API_KEY"
102-->src\main\AndroidManifest.xml:45:13-58
103            android:value="AIzaSyC2oRebEtfkr2oahMPJGBqt6cVNsQP0uLs" />
103-->src\main\AndroidManifest.xml:46:13-68
104
105        <service
105-->[:geolocator_android] AndroidManifest.xml:8:9-12:56
106            android:name="com.baseflow.geolocator.GeolocatorLocationService"
106-->[:geolocator_android] AndroidManifest.xml:9:13-77
107            android:enabled="true"
107-->[:geolocator_android] AndroidManifest.xml:10:13-35
108            android:exported="false"
108-->[:geolocator_android] AndroidManifest.xml:11:13-37
109            android:foregroundServiceType="location" />
109-->[:geolocator_android] AndroidManifest.xml:12:13-53
110        <service
110-->[:cloud_firestore] AndroidManifest.xml:8:9-12:19
111            android:name="com.google.firebase.components.ComponentDiscoveryService"
111-->[:cloud_firestore] AndroidManifest.xml:8:18-89
112            android:directBootAware="true"
112-->[com.google.firebase:firebase-common:21.0.0] AndroidManifest.xml:32:13-43
113            android:exported="false" >
113-->[com.google.firebase:firebase-auth:23.1.0] AndroidManifest.xml:68:13-37
114            <meta-data
114-->[:cloud_firestore] AndroidManifest.xml:9:13-11:85
115                android:name="com.google.firebase.components:io.flutter.plugins.firebase.firestore.FlutterFirebaseFirestoreRegistrar"
115-->[:cloud_firestore] AndroidManifest.xml:10:17-134
116                android:value="com.google.firebase.components.ComponentRegistrar" />
116-->[:cloud_firestore] AndroidManifest.xml:11:17-82
117            <meta-data
117-->[:firebase_auth] AndroidManifest.xml:9:13-11:85
118                android:name="com.google.firebase.components:io.flutter.plugins.firebase.auth.FlutterFirebaseAuthRegistrar"
118-->[:firebase_auth] AndroidManifest.xml:10:17-124
119                android:value="com.google.firebase.components.ComponentRegistrar" />
119-->[:firebase_auth] AndroidManifest.xml:11:17-82
120            <meta-data
120-->[:firebase_messaging] AndroidManifest.xml:36:13-38:85
121                android:name="com.google.firebase.components:io.flutter.plugins.firebase.messaging.FlutterFirebaseAppRegistrar"
121-->[:firebase_messaging] AndroidManifest.xml:37:17-128
122                android:value="com.google.firebase.components.ComponentRegistrar" />
122-->[:firebase_messaging] AndroidManifest.xml:38:17-82
123            <meta-data
123-->[:firebase_core] AndroidManifest.xml:9:13-11:85
124                android:name="com.google.firebase.components:io.flutter.plugins.firebase.core.FlutterFirebaseCoreRegistrar"
124-->[:firebase_core] AndroidManifest.xml:10:17-124
125                android:value="com.google.firebase.components.ComponentRegistrar" />
125-->[:firebase_core] AndroidManifest.xml:11:17-82
126            <meta-data
126-->[com.google.firebase:firebase-auth:23.1.0] AndroidManifest.xml:69:13-71:85
127                android:name="com.google.firebase.components:com.google.firebase.auth.FirebaseAuthRegistrar"
127-->[com.google.firebase:firebase-auth:23.1.0] AndroidManifest.xml:70:17-109
128                android:value="com.google.firebase.components.ComponentRegistrar" />
128-->[com.google.firebase:firebase-auth:23.1.0] AndroidManifest.xml:71:17-82
129            <meta-data
129-->[com.google.firebase:firebase-firestore:25.1.1] AndroidManifest.xml:17:13-19:85
130                android:name="com.google.firebase.components:com.google.firebase.firestore.FirebaseFirestoreKtxRegistrar"
130-->[com.google.firebase:firebase-firestore:25.1.1] AndroidManifest.xml:18:17-122
131                android:value="com.google.firebase.components.ComponentRegistrar" />
131-->[com.google.firebase:firebase-firestore:25.1.1] AndroidManifest.xml:19:17-82
132            <meta-data
132-->[com.google.firebase:firebase-firestore:25.1.1] AndroidManifest.xml:20:13-22:85
133                android:name="com.google.firebase.components:com.google.firebase.firestore.FirestoreRegistrar"
133-->[com.google.firebase:firebase-firestore:25.1.1] AndroidManifest.xml:21:17-111
134                android:value="com.google.firebase.components.ComponentRegistrar" />
134-->[com.google.firebase:firebase-firestore:25.1.1] AndroidManifest.xml:22:17-82
135            <meta-data
135-->[com.google.firebase:firebase-messaging:24.1.0] AndroidManifest.xml:57:13-59:85
136                android:name="com.google.firebase.components:com.google.firebase.messaging.FirebaseMessagingKtxRegistrar"
136-->[com.google.firebase:firebase-messaging:24.1.0] AndroidManifest.xml:58:17-122
137                android:value="com.google.firebase.components.ComponentRegistrar" />
137-->[com.google.firebase:firebase-messaging:24.1.0] AndroidManifest.xml:59:17-82
138            <meta-data
138-->[com.google.firebase:firebase-messaging:24.1.0] AndroidManifest.xml:60:13-62:85
139                android:name="com.google.firebase.components:com.google.firebase.messaging.FirebaseMessagingRegistrar"
139-->[com.google.firebase:firebase-messaging:24.1.0] AndroidManifest.xml:61:17-119
140                android:value="com.google.firebase.components.ComponentRegistrar" />
140-->[com.google.firebase:firebase-messaging:24.1.0] AndroidManifest.xml:62:17-82
141            <meta-data
141-->[com.google.firebase:firebase-installations:18.0.0] AndroidManifest.xml:15:13-17:85
142                android:name="com.google.firebase.components:com.google.firebase.installations.FirebaseInstallationsKtxRegistrar"
142-->[com.google.firebase:firebase-installations:18.0.0] AndroidManifest.xml:16:17-130
143                android:value="com.google.firebase.components.ComponentRegistrar" />
143-->[com.google.firebase:firebase-installations:18.0.0] AndroidManifest.xml:17:17-82
144            <meta-data
144-->[com.google.firebase:firebase-installations:18.0.0] AndroidManifest.xml:18:13-20:85
145                android:name="com.google.firebase.components:com.google.firebase.installations.FirebaseInstallationsRegistrar"
145-->[com.google.firebase:firebase-installations:18.0.0] AndroidManifest.xml:19:17-127
146                android:value="com.google.firebase.components.ComponentRegistrar" />
146-->[com.google.firebase:firebase-installations:18.0.0] AndroidManifest.xml:20:17-82
147            <meta-data
147-->[com.google.firebase:firebase-common-ktx:21.0.0] AndroidManifest.xml:12:13-14:85
148                android:name="com.google.firebase.components:com.google.firebase.ktx.FirebaseCommonLegacyRegistrar"
148-->[com.google.firebase:firebase-common-ktx:21.0.0] AndroidManifest.xml:13:17-116
149                android:value="com.google.firebase.components.ComponentRegistrar" />
149-->[com.google.firebase:firebase-common-ktx:21.0.0] AndroidManifest.xml:14:17-82
150            <meta-data
150-->[com.google.firebase:firebase-common:21.0.0] AndroidManifest.xml:35:13-37:85
151                android:name="com.google.firebase.components:com.google.firebase.FirebaseCommonKtxRegistrar"
151-->[com.google.firebase:firebase-common:21.0.0] AndroidManifest.xml:36:17-109
152                android:value="com.google.firebase.components.ComponentRegistrar" />
152-->[com.google.firebase:firebase-common:21.0.0] AndroidManifest.xml:37:17-82
153            <meta-data
153-->[com.google.firebase:firebase-datatransport:18.2.0] AndroidManifest.xml:25:13-27:85
154                android:name="com.google.firebase.components:com.google.firebase.datatransport.TransportRegistrar"
154-->[com.google.firebase:firebase-datatransport:18.2.0] AndroidManifest.xml:26:17-115
155                android:value="com.google.firebase.components.ComponentRegistrar" />
155-->[com.google.firebase:firebase-datatransport:18.2.0] AndroidManifest.xml:27:17-82
156        </service>
157        <service
157-->[:firebase_messaging] AndroidManifest.xml:14:9-17:72
158            android:name="io.flutter.plugins.firebase.messaging.FlutterFirebaseMessagingBackgroundService"
158-->[:firebase_messaging] AndroidManifest.xml:15:13-107
159            android:exported="false"
159-->[:firebase_messaging] AndroidManifest.xml:16:13-37
160            android:permission="android.permission.BIND_JOB_SERVICE" />
160-->[:firebase_messaging] AndroidManifest.xml:17:13-69
161        <service
161-->[:firebase_messaging] AndroidManifest.xml:18:9-24:19
162            android:name="io.flutter.plugins.firebase.messaging.FlutterFirebaseMessagingService"
162-->[:firebase_messaging] AndroidManifest.xml:19:13-97
163            android:exported="false" >
163-->[:firebase_messaging] AndroidManifest.xml:20:13-37
164            <intent-filter>
164-->[:firebase_messaging] AndroidManifest.xml:21:13-23:29
165                <action android:name="com.google.firebase.MESSAGING_EVENT" />
165-->[:firebase_messaging] AndroidManifest.xml:22:17-78
165-->[:firebase_messaging] AndroidManifest.xml:22:25-75
166            </intent-filter>
167        </service>
168
169        <receiver
169-->[:firebase_messaging] AndroidManifest.xml:26:9-33:20
170            android:name="io.flutter.plugins.firebase.messaging.FlutterFirebaseMessagingReceiver"
170-->[:firebase_messaging] AndroidManifest.xml:27:13-98
171            android:exported="true"
171-->[:firebase_messaging] AndroidManifest.xml:28:13-36
172            android:permission="com.google.android.c2dm.permission.SEND" >
172-->[:firebase_messaging] AndroidManifest.xml:29:13-73
173            <intent-filter>
173-->[:firebase_messaging] AndroidManifest.xml:30:13-32:29
174                <action android:name="com.google.android.c2dm.intent.RECEIVE" />
174-->[:firebase_messaging] AndroidManifest.xml:31:17-81
174-->[:firebase_messaging] AndroidManifest.xml:31:25-78
175            </intent-filter>
176        </receiver>
177
178        <provider
178-->[:firebase_messaging] AndroidManifest.xml:41:9-45:38
179            android:name="io.flutter.plugins.firebase.messaging.FlutterFirebaseMessagingInitProvider"
179-->[:firebase_messaging] AndroidManifest.xml:42:13-102
180            android:authorities="com.example.my_soc.flutterfirebasemessaginginitprovider"
180-->[:firebase_messaging] AndroidManifest.xml:43:13-88
181            android:exported="false"
181-->[:firebase_messaging] AndroidManifest.xml:44:13-37
182            android:initOrder="99" />
182-->[:firebase_messaging] AndroidManifest.xml:45:13-35
183        <provider
183-->[:image_picker_android] AndroidManifest.xml:9:9-17:20
184            android:name="io.flutter.plugins.imagepicker.ImagePickerFileProvider"
184-->[:image_picker_android] AndroidManifest.xml:10:13-82
185            android:authorities="com.example.my_soc.flutter.image_provider"
185-->[:image_picker_android] AndroidManifest.xml:11:13-74
186            android:exported="false"
186-->[:image_picker_android] AndroidManifest.xml:12:13-37
187            android:grantUriPermissions="true" >
187-->[:image_picker_android] AndroidManifest.xml:13:13-47
188            <meta-data
188-->[:image_picker_android] AndroidManifest.xml:14:13-16:75
189                android:name="android.support.FILE_PROVIDER_PATHS"
189-->[:image_picker_android] AndroidManifest.xml:15:17-67
190                android:resource="@xml/flutter_image_picker_file_paths" />
190-->[:image_picker_android] AndroidManifest.xml:16:17-72
191        </provider> <!-- Trigger Google Play services to install the backported photo picker module. -->
192        <service
192-->[:image_picker_android] AndroidManifest.xml:19:9-31:19
193            android:name="com.google.android.gms.metadata.ModuleDependencies"
193-->[:image_picker_android] AndroidManifest.xml:20:13-78
194            android:enabled="false"
194-->[:image_picker_android] AndroidManifest.xml:21:13-36
195            android:exported="false" >
195-->[:image_picker_android] AndroidManifest.xml:22:13-37
196            <intent-filter>
196-->[:image_picker_android] AndroidManifest.xml:24:13-26:29
197                <action android:name="com.google.android.gms.metadata.MODULE_DEPENDENCIES" />
197-->[:image_picker_android] AndroidManifest.xml:25:17-94
197-->[:image_picker_android] AndroidManifest.xml:25:25-91
198            </intent-filter>
199
200            <meta-data
200-->[:image_picker_android] AndroidManifest.xml:28:13-30:36
201                android:name="photopicker_activity:0:required"
201-->[:image_picker_android] AndroidManifest.xml:29:17-63
202                android:value="" />
202-->[:image_picker_android] AndroidManifest.xml:30:17-33
203        </service>
204
205        <activity
205-->[:url_launcher_android] AndroidManifest.xml:8:9-11:74
206            android:name="io.flutter.plugins.urllauncher.WebViewActivity"
206-->[:url_launcher_android] AndroidManifest.xml:9:13-74
207            android:exported="false"
207-->[:url_launcher_android] AndroidManifest.xml:10:13-37
208            android:theme="@android:style/Theme.NoTitleBar.Fullscreen" /> <!-- Needs to be explicitly declared on P+ -->
208-->[:url_launcher_android] AndroidManifest.xml:11:13-71
209        <uses-library
209-->[com.google.android.gms:play-services-maps:18.2.0] AndroidManifest.xml:39:9-41:40
210            android:name="org.apache.http.legacy"
210-->[com.google.android.gms:play-services-maps:18.2.0] AndroidManifest.xml:40:13-50
211            android:required="false" />
211-->[com.google.android.gms:play-services-maps:18.2.0] AndroidManifest.xml:41:13-37
212
213        <activity
213-->[com.google.firebase:firebase-auth:23.1.0] AndroidManifest.xml:29:9-46:20
214            android:name="com.google.firebase.auth.internal.GenericIdpActivity"
214-->[com.google.firebase:firebase-auth:23.1.0] AndroidManifest.xml:30:13-80
215            android:excludeFromRecents="true"
215-->[com.google.firebase:firebase-auth:23.1.0] AndroidManifest.xml:31:13-46
216            android:exported="true"
216-->[com.google.firebase:firebase-auth:23.1.0] AndroidManifest.xml:32:13-36
217            android:launchMode="singleTask"
217-->[com.google.firebase:firebase-auth:23.1.0] AndroidManifest.xml:33:13-44
218            android:theme="@android:style/Theme.Translucent.NoTitleBar" >
218-->[com.google.firebase:firebase-auth:23.1.0] AndroidManifest.xml:34:13-72
219            <intent-filter>
219-->[com.google.firebase:firebase-auth:23.1.0] AndroidManifest.xml:35:13-45:29
220                <action android:name="android.intent.action.VIEW" />
220-->[com.google.firebase:firebase-auth:23.1.0] AndroidManifest.xml:36:17-69
220-->[com.google.firebase:firebase-auth:23.1.0] AndroidManifest.xml:36:25-66
221
222                <category android:name="android.intent.category.DEFAULT" />
222-->[com.google.firebase:firebase-auth:23.1.0] AndroidManifest.xml:38:17-76
222-->[com.google.firebase:firebase-auth:23.1.0] AndroidManifest.xml:38:27-73
223                <category android:name="android.intent.category.BROWSABLE" />
223-->[com.google.firebase:firebase-auth:23.1.0] AndroidManifest.xml:39:17-78
223-->[com.google.firebase:firebase-auth:23.1.0] AndroidManifest.xml:39:27-75
224
225                <data
225-->src\main\AndroidManifest.xml:56:13-50
226                    android:host="firebase.auth"
227                    android:path="/"
228                    android:scheme="genericidp" />
229            </intent-filter>
230        </activity>
231        <activity
231-->[com.google.firebase:firebase-auth:23.1.0] AndroidManifest.xml:47:9-64:20
232            android:name="com.google.firebase.auth.internal.RecaptchaActivity"
232-->[com.google.firebase:firebase-auth:23.1.0] AndroidManifest.xml:48:13-79
233            android:excludeFromRecents="true"
233-->[com.google.firebase:firebase-auth:23.1.0] AndroidManifest.xml:49:13-46
234            android:exported="true"
234-->[com.google.firebase:firebase-auth:23.1.0] AndroidManifest.xml:50:13-36
235            android:launchMode="singleTask"
235-->[com.google.firebase:firebase-auth:23.1.0] AndroidManifest.xml:51:13-44
236            android:theme="@android:style/Theme.Translucent.NoTitleBar" >
236-->[com.google.firebase:firebase-auth:23.1.0] AndroidManifest.xml:52:13-72
237            <intent-filter>
237-->[com.google.firebase:firebase-auth:23.1.0] AndroidManifest.xml:53:13-63:29
238                <action android:name="android.intent.action.VIEW" />
238-->[com.google.firebase:firebase-auth:23.1.0] AndroidManifest.xml:36:17-69
238-->[com.google.firebase:firebase-auth:23.1.0] AndroidManifest.xml:36:25-66
239
240                <category android:name="android.intent.category.DEFAULT" />
240-->[com.google.firebase:firebase-auth:23.1.0] AndroidManifest.xml:38:17-76
240-->[com.google.firebase:firebase-auth:23.1.0] AndroidManifest.xml:38:27-73
241                <category android:name="android.intent.category.BROWSABLE" />
241-->[com.google.firebase:firebase-auth:23.1.0] AndroidManifest.xml:39:17-78
241-->[com.google.firebase:firebase-auth:23.1.0] AndroidManifest.xml:39:27-75
242
243                <data
243-->src\main\AndroidManifest.xml:56:13-50
244                    android:host="firebase.auth"
245                    android:path="/"
246                    android:scheme="recaptcha" />
247            </intent-filter>
248        </activity>
249
250        <receiver
250-->[com.google.firebase:firebase-messaging:24.1.0] AndroidManifest.xml:29:9-40:20
251            android:name="com.google.firebase.iid.FirebaseInstanceIdReceiver"
251-->[com.google.firebase:firebase-messaging:24.1.0] AndroidManifest.xml:30:13-78
252            android:exported="true"
252-->[com.google.firebase:firebase-messaging:24.1.0] AndroidManifest.xml:31:13-36
253            android:permission="com.google.android.c2dm.permission.SEND" >
253-->[com.google.firebase:firebase-messaging:24.1.0] AndroidManifest.xml:32:13-73
254            <intent-filter>
254-->[:firebase_messaging] AndroidManifest.xml:30:13-32:29
255                <action android:name="com.google.android.c2dm.intent.RECEIVE" />
255-->[:firebase_messaging] AndroidManifest.xml:31:17-81
255-->[:firebase_messaging] AndroidManifest.xml:31:25-78
256            </intent-filter>
257
258            <meta-data
258-->[com.google.firebase:firebase-messaging:24.1.0] AndroidManifest.xml:37:13-39:40
259                android:name="com.google.android.gms.cloudmessaging.FINISHED_AFTER_HANDLED"
259-->[com.google.firebase:firebase-messaging:24.1.0] AndroidManifest.xml:38:17-92
260                android:value="true" />
260-->[com.google.firebase:firebase-messaging:24.1.0] AndroidManifest.xml:39:17-37
261        </receiver>
262        <!--
263             FirebaseMessagingService performs security checks at runtime,
264             but set to not exported to explicitly avoid allowing another app to call it.
265        -->
266        <service
266-->[com.google.firebase:firebase-messaging:24.1.0] AndroidManifest.xml:46:9-53:19
267            android:name="com.google.firebase.messaging.FirebaseMessagingService"
267-->[com.google.firebase:firebase-messaging:24.1.0] AndroidManifest.xml:47:13-82
268            android:directBootAware="true"
268-->[com.google.firebase:firebase-messaging:24.1.0] AndroidManifest.xml:48:13-43
269            android:exported="false" >
269-->[com.google.firebase:firebase-messaging:24.1.0] AndroidManifest.xml:49:13-37
270            <intent-filter android:priority="-500" >
270-->[:firebase_messaging] AndroidManifest.xml:21:13-23:29
271                <action android:name="com.google.firebase.MESSAGING_EVENT" />
271-->[:firebase_messaging] AndroidManifest.xml:22:17-78
271-->[:firebase_messaging] AndroidManifest.xml:22:25-75
272            </intent-filter>
273        </service>
274        <service
274-->[androidx.credentials:credentials-play-services-auth:1.2.0-rc01] AndroidManifest.xml:24:9-32:19
275            android:name="androidx.credentials.playservices.CredentialProviderMetadataHolder"
275-->[androidx.credentials:credentials-play-services-auth:1.2.0-rc01] AndroidManifest.xml:25:13-94
276            android:enabled="true"
276-->[androidx.credentials:credentials-play-services-auth:1.2.0-rc01] AndroidManifest.xml:26:13-35
277            android:exported="false" >
277-->[androidx.credentials:credentials-play-services-auth:1.2.0-rc01] AndroidManifest.xml:27:13-37
278            <meta-data
278-->[androidx.credentials:credentials-play-services-auth:1.2.0-rc01] AndroidManifest.xml:29:13-31:104
279                android:name="androidx.credentials.CREDENTIAL_PROVIDER_KEY"
279-->[androidx.credentials:credentials-play-services-auth:1.2.0-rc01] AndroidManifest.xml:30:17-76
280                android:value="androidx.credentials.playservices.CredentialProviderPlayServicesImpl" />
280-->[androidx.credentials:credentials-play-services-auth:1.2.0-rc01] AndroidManifest.xml:31:17-101
281        </service>
282
283        <activity
283-->[androidx.credentials:credentials-play-services-auth:1.2.0-rc01] AndroidManifest.xml:34:9-41:20
284            android:name="androidx.credentials.playservices.HiddenActivity"
284-->[androidx.credentials:credentials-play-services-auth:1.2.0-rc01] AndroidManifest.xml:35:13-76
285            android:configChanges="orientation|screenSize|screenLayout|keyboardHidden"
285-->[androidx.credentials:credentials-play-services-auth:1.2.0-rc01] AndroidManifest.xml:36:13-87
286            android:enabled="true"
286-->[androidx.credentials:credentials-play-services-auth:1.2.0-rc01] AndroidManifest.xml:37:13-35
287            android:exported="false"
287-->[androidx.credentials:credentials-play-services-auth:1.2.0-rc01] AndroidManifest.xml:38:13-37
288            android:fitsSystemWindows="true"